[debug] [2020-04-23T03:35:36.804Z] ----------------------------------------------------------------------
[debug] [2020-04-23T03:35:36.834Z] Command:       C:\Program Files\nodejs\node.exe C:\Users\ASUS\AppData\Roaming\npm\node_modules\firebase-tools\lib\bin\firebase.js serve
[debug] [2020-04-23T03:35:36.835Z] CLI Version:   8.1.1
[debug] [2020-04-23T03:35:36.836Z] Platform:      win32
[debug] [2020-04-23T03:35:36.836Z] Node Version:  v10.15.3
[debug] [2020-04-23T03:35:36.926Z] Time:          Thu Apr 23 2020 10:35:36 GMT+0700 (Western Indonesia Time)
[debug] [2020-04-23T03:35:36.926Z] ----------------------------------------------------------------------
[debug] [2020-04-23T03:35:36.927Z] 
[debug] [2020-04-23T03:35:37.134Z] > command requires scopes: ["email","openid","https://www.googleapis.com/auth/cloudplatformprojects.readonly","https://www.googleapis.com/auth/firebase","https://www.googleapis.com/auth/cloud-platform"]
[debug] [2020-04-23T03:35:37.136Z] > authorizing via signed-in user
[debug] [2020-04-23T03:35:37.138Z] [iam] checking project fir-login-23028 for permissions ["firebase.projects.get"]
[debug] [2020-04-23T03:35:37.151Z] >>> HTTP REQUEST POST https://cloudresourcemanager.googleapis.com/v1/projects/fir-login-23028:testIamPermissions  
 {"permissions":["firebase.projects.get"]}
[debug] [2020-04-23T03:35:39.269Z] <<< HTTP RESPONSE 200 {"content-type":"application/json; charset=UTF-8","vary":"X-Origin, Referer, Origin,Accept-Encoding","date":"Thu, 23 Apr 2020 03:35:36 GMT","server":"ESF","cache-control":"private","x-xss-protection":"0","x-frame-options":"SAMEORIGIN","x-content-type-options":"nosniff","server-timing":"gfet4t7; dur=1131","alt-svc":"quic=\":443\"; ma=2592000; v=\"46,43\",h3-Q050=\":443\"; ma=2592000,h3-Q049=\":443\"; ma=2592000,h3-Q048=\":443\"; ma=2592000,h3-Q046=\":443\"; ma=2592000,h3-Q043=\":443\"; ma=2592000,h3-T050=\":443\"; ma=2592000","accept-ranges":"none","transfer-encoding":"chunked"}
[debug] [2020-04-23T03:35:39.277Z] >>> HTTP REQUEST GET https://firebase.googleapis.com/v1beta1/projects/fir-login-23028  
 
[debug] [2020-04-23T03:35:39.893Z] <<< HTTP RESPONSE 200 {"content-type":"application/json; charset=UTF-8","vary":"X-Origin, Referer, Origin,Accept-Encoding","date":"Thu, 23 Apr 2020 03:35:37 GMT","server":"ESF","cache-control":"private","x-xss-protection":"0","x-frame-options":"SAMEORIGIN","x-content-type-options":"nosniff","alt-svc":"quic=\":443\"; ma=2592000; v=\"46,43\",h3-Q050=\":443\"; ma=2592000,h3-Q049=\":443\"; ma=2592000,h3-Q048=\":443\"; ma=2592000,h3-Q046=\":443\"; ma=2592000,h3-Q043=\":443\"; ma=2592000,h3-T050=\":443\"; ma=2592000","accept-ranges":"none","transfer-encoding":"chunked"}
[info] 
[info] === Serving from 'D:\Pholthex\Semester 5-6\PemrogramanBerbasisFramework\modul11'...
[info] 
[debug] [2020-04-23T03:35:39.904Z] >>> HTTP REQUEST GET https://firebase.googleapis.com/v1beta1/projects/fir-login-23028/webApps/-/config  
 
[debug] [2020-04-23T03:35:41.076Z] <<< HTTP RESPONSE 200 {"content-type":"application/json; charset=UTF-8","vary":"X-Origin, Referer, Origin,Accept-Encoding","date":"Thu, 23 Apr 2020 03:35:38 GMT","server":"ESF","cache-control":"private","x-xss-protection":"0","x-frame-options":"SAMEORIGIN","x-content-type-options":"nosniff","alt-svc":"quic=\":443\"; ma=2592000; v=\"46,43\",h3-Q050=\":443\"; ma=2592000,h3-Q049=\":443\"; ma=2592000,h3-Q048=\":443\"; ma=2592000,h3-Q046=\":443\"; ma=2592000,h3-Q043=\":443\"; ma=2592000,h3-T050=\":443\"; ma=2592000","accept-ranges":"none","transfer-encoding":"chunked"}
[info] i  hosting: Serving hosting files from: public
[info] +  hosting: Local server: http://localhost:5000
